[WRN][1701708229.8609840870] /home/allonny/.local/share/antigen/antigen.zsh:266
[WRN][1701708229.8609840870] -antigen-interactive-mode: filecode:file:shfunc:shfunc $_ANTIGEN_INTERACTIVE = 
[WRN][1701708229.8615417480] /home/allonny/.local/share/antigen/antigen.zsh:1572
[WRN][1701708229.8615417480] -antigen-lock-init return code was 0
[LOG][1701708229.8616445065] /home/allonny/.local/share/antigen/antigen.zsh:1574
[LOG][1701708229.8616445065] LOADED EXTENSION lock EXT
[WRN][1701708229.8633246422] /home/allonny/.local/share/antigen/antigen.zsh:1684
[WRN][1701708229.8633246422] Init parallel extension PARALLEL
[WRN][1701708229.8633930683] /home/allonny/.local/share/antigen/antigen.zsh:266
[WRN][1701708229.8633930683] -antigen-interactive-mode: filecode:file:shfunc:shfunc:shfunc:eval:shfunc:shfunc $_ANTIGEN_INTERACTIVE = 
[WRN][1701708229.8634793758] /home/allonny/.local/share/antigen/antigen.zsh:1572
[WRN][1701708229.8634793758] -antigen-parallel-init return code was 0
[LOG][1701708229.8635227680] /home/allonny/.local/share/antigen/antigen.zsh:1574
[LOG][1701708229.8635227680] LOADED EXTENSION parallel EXT
[WRN][1701708229.8635692596] /home/allonny/.local/share/antigen/antigen.zsh:1692
[WRN][1701708229.8635692596] Exec parallel extension PARALLEL
[WRN][1701708229.8637759686] /home/allonny/.local/share/antigen/antigen.zsh:266
[WRN][1701708229.8637759686] -antigen-interactive-mode: filecode:file:shfunc:shfunc:shfunc:eval:shfunc:shfunc $_ANTIGEN_INTERACTIVE = 
[WRN][1701708229.8638453484] /home/allonny/.local/share/antigen/antigen.zsh:1572
[WRN][1701708229.8638453484] -antigen-defer-init return code was 0
[LOG][1701708229.8638856411] /home/allonny/.local/share/antigen/antigen.zsh:1574
[LOG][1701708229.8638856411] LOADED EXTENSION defer EXT
[WRN][1701708229.8651309013] /home/allonny/.local/share/antigen/antigen.zsh:266
[WRN][1701708229.8651309013] -antigen-interactive-mode: filecode:file:shfunc:shfunc:shfunc:eval:shfunc:shfunc $_ANTIGEN_INTERACTIVE = 
[WRN][1701708229.8653130531] /home/allonny/.local/share/antigen/antigen.zsh:1572
[WRN][1701708229.8653130531] -antigen-cache-init return code was 0
[LOG][1701708229.8653569221] /home/allonny/.local/share/antigen/antigen.zsh:1574
[LOG][1701708229.8653569221] LOADED EXTENSION cache EXT
[WRN][1701708229.8674237728] /home/allonny/.local/share/antigen/antigen.zsh:1469
[WRN][1701708229.8674237728] Updated meta: target antigen mode once type pre called 1
[WRN][1701708229.8675160408] /home/allonny/.local/share/antigen/antigen.zsh:1484
[WRN][1701708229.8675160408] Processing hooks: antigen-lock
[WRN][1701708229.8675584793] /home/allonny/.local/share/antigen/antigen.zsh:1487
[WRN][1701708229.8675584793] Pre hook: antigen-lock bundle zsh-users/zsh-autosuggestions
[LOG][1701708229.8676021099] /home/allonny/.local/share/antigen/antigen.zsh:1658
[LOG][1701708229.8676021099] antigen-lock called
[WRN][1701708229.8676497936] /home/allonny/.local/share/antigen/antigen.zsh:1669
[WRN][1701708229.8676497936] Creating antigen-lock file at /home/allonny/.local/share/antigen/.lock
[WRN][1701708229.8685379028] /home/allonny/.local/share/antigen/antigen.zsh:1505
[WRN][1701708229.8685379028] -antigen-hook-antigen bundle zsh-users/zsh-autosuggestions
[WRN][1701708229.8686900139] /home/allonny/.local/share/antigen/antigen.zsh:1469
[WRN][1701708229.8686900139] Updated meta: target antigen-bundle mode repeat type replace called 1
[WRN][1701708229.8687660694] /home/allonny/.local/share/antigen/antigen.zsh:1469
[WRN][1701708229.8687660694] Updated meta: target antigen-bundle mode repeat type pre called 1
[WRN][1701708229.8688156605] /home/allonny/.local/share/antigen/antigen.zsh:1484
[WRN][1701708229.8688156605] Processing hooks: antigen-bundle-defer antigen-bundle-cached
[WRN][1701708229.8688559532] /home/allonny/.local/share/antigen/antigen.zsh:1487
[WRN][1701708229.8688559532] Pre hook: antigen-bundle-cached zsh-users/zsh-autosuggestions
[WRN][1701708229.8689260483] /home/allonny/.local/share/antigen/antigen.zsh:1498
[WRN][1701708229.8689260483] Replace hook: antigen-bundle-defer zsh-users/zsh-autosuggestions
[WRN][1701708229.8689877987] /home/allonny/.local/share/antigen/antigen.zsh:1500
[WRN][1701708229.8689877987] antigen-bundle-defer shortcircuited
[LOG][1701708229.8690891266] /home/allonny/.local/share/antigen/antigen.zsh:1518
[LOG][1701708229.8690891266] Return from hook antigen with 0
[WRN][1701708229.8692054749] /home/allonny/.local/share/antigen/antigen.zsh:1462
[WRN][1701708229.8692054749] Ignoring hook due to mode once: antigen-lock
[WRN][1701708229.8692474365] /home/allonny/.local/share/antigen/antigen.zsh:1484
[WRN][1701708229.8692474365] Processing hooks: antigen-lock
[WRN][1701708229.8692903519] /home/allonny/.local/share/antigen/antigen.zsh:1505
[WRN][1701708229.8692903519] -antigen-hook-antigen bundle zsh-users/zsh-syntax-highlighting
[WRN][1701708229.8694000244] /home/allonny/.local/share/antigen/antigen.zsh:1469
[WRN][1701708229.8694000244] Updated meta: target antigen-bundle mode repeat type replace called 2
[WRN][1701708229.8694908619] /home/allonny/.local/share/antigen/antigen.zsh:1469
[WRN][1701708229.8694908619] Updated meta: target antigen-bundle mode repeat type pre called 2
[WRN][1701708229.8695404530] /home/allonny/.local/share/antigen/antigen.zsh:1484
[WRN][1701708229.8695404530] Processing hooks: antigen-bundle-defer antigen-bundle-cached
[WRN][1701708229.8695788383] /home/allonny/.local/share/antigen/antigen.zsh:1487
[WRN][1701708229.8695788383] Pre hook: antigen-bundle-cached zsh-users/zsh-syntax-highlighting
[WRN][1701708229.8696420193] /home/allonny/.local/share/antigen/antigen.zsh:1498
[WRN][1701708229.8696420193] Replace hook: antigen-bundle-defer zsh-users/zsh-syntax-highlighting
[WRN][1701708229.8696978092] /home/allonny/.local/share/antigen/antigen.zsh:1500
[WRN][1701708229.8696978092] antigen-bundle-defer shortcircuited
[LOG][1701708229.8697724342] /home/allonny/.local/share/antigen/antigen.zsh:1518
[LOG][1701708229.8697724342] Return from hook antigen with 0
[WRN][1701708229.8698754311] /home/allonny/.local/share/antigen/antigen.zsh:1462
[WRN][1701708229.8698754311] Ignoring hook due to mode once: antigen-lock
[WRN][1701708229.8699169159] /home/allonny/.local/share/antigen/antigen.zsh:1484
[WRN][1701708229.8699169159] Processing hooks: antigen-lock
[WRN][1701708229.8699605465] /home/allonny/.local/share/antigen/antigen.zsh:1505
[WRN][1701708229.8699605465] -antigen-hook-antigen bundle jirutka/zsh-shift-select
[WRN][1701708229.8700668812] /home/allonny/.local/share/antigen/antigen.zsh:1469
[WRN][1701708229.8700668812] Updated meta: target antigen-bundle mode repeat type replace called 3
[WRN][1701708229.8701412678] /home/allonny/.local/share/antigen/antigen.zsh:1469
[WRN][1701708229.8701412678] Updated meta: target antigen-bundle mode repeat type pre called 3
[WRN][1701708229.8701891899] /home/allonny/.local/share/antigen/antigen.zsh:1484
[WRN][1701708229.8701891899] Processing hooks: antigen-bundle-defer antigen-bundle-cached
[WRN][1701708229.8702287674] /home/allonny/.local/share/antigen/antigen.zsh:1487
[WRN][1701708229.8702287674] Pre hook: antigen-bundle-cached jirutka/zsh-shift-select
[WRN][1701708229.8702950478] /home/allonny/.local/share/antigen/antigen.zsh:1498
[WRN][1701708229.8702950478] Replace hook: antigen-bundle-defer jirutka/zsh-shift-select
[WRN][1701708229.8703525066] /home/allonny/.local/share/antigen/antigen.zsh:1500
[WRN][1701708229.8703525066] antigen-bundle-defer shortcircuited
[LOG][1701708229.8704302311] /home/allonny/.local/share/antigen/antigen.zsh:1518
[LOG][1701708229.8704302311] Return from hook antigen with 0
[WRN][1701708229.8705453873] /home/allonny/.local/share/antigen/antigen.zsh:1462
[WRN][1701708229.8705453873] Ignoring hook due to mode once: antigen-lock
[WRN][1701708229.8705878258] /home/allonny/.local/share/antigen/antigen.zsh:1484
[WRN][1701708229.8705878258] Processing hooks: antigen-lock
[WRN][1701708229.8706300259] /home/allonny/.local/share/antigen/antigen.zsh:1505
[WRN][1701708229.8706300259] -antigen-hook-antigen theme romkatv/powerlevel10k
[WRN][1701708229.8726470470] /home/allonny/.local/share/antigen/antigen.zsh:1469
[WRN][1701708229.8726470470] Updated meta: target antigen-bundle mode repeat type replace called 4
[WRN][1701708229.8727588654] /home/allonny/.local/share/antigen/antigen.zsh:1469
[WRN][1701708229.8727588654] Updated meta: target antigen-bundle mode repeat type pre called 4
[WRN][1701708229.8728189468] /home/allonny/.local/share/antigen/antigen.zsh:1484
[WRN][1701708229.8728189468] Processing hooks: antigen-bundle-defer antigen-bundle-cached
[WRN][1701708229.8728637695] /home/allonny/.local/share/antigen/antigen.zsh:1487
[WRN][1701708229.8728637695] Pre hook: antigen-bundle-cached romkatv/powerlevel10k --btype=theme
[WRN][1701708229.8729474545] /home/allonny/.local/share/antigen/antigen.zsh:1498
[WRN][1701708229.8729474545] Replace hook: antigen-bundle-defer romkatv/powerlevel10k --btype=theme
[WRN][1701708229.8730282784] /home/allonny/.local/share/antigen/antigen.zsh:1500
[WRN][1701708229.8730282784] antigen-bundle-defer shortcircuited
[LOG][1701708229.8731627464] /home/allonny/.local/share/antigen/antigen.zsh:1518
[LOG][1701708229.8731627464] Return from hook antigen with 0
[WRN][1701708229.8732929230] /home/allonny/.local/share/antigen/antigen.zsh:1462
[WRN][1701708229.8732929230] Ignoring hook due to mode once: antigen-lock
[WRN][1701708229.8733482361] /home/allonny/.local/share/antigen/antigen.zsh:1484
[WRN][1701708229.8733482361] Processing hooks: antigen-lock
[WRN][1701708229.8734016418] /home/allonny/.local/share/antigen/antigen.zsh:1505
[WRN][1701708229.8734016418] -antigen-hook-antigen apply
[WRN][1701708229.8735935688] /home/allonny/.local/share/antigen/antigen.zsh:1469
[WRN][1701708229.8735935688] Updated meta: target antigen-apply mode once type post called 1
[WRN][1701708229.8736772537] /home/allonny/.local/share/antigen/antigen.zsh:1469
[WRN][1701708229.8736772537] Updated meta: target antigen-apply mode once type pre called 1
[WRN][1701708229.8737564087] /home/allonny/.local/share/antigen/antigen.zsh:1469
[WRN][1701708229.8737564087] Updated meta: target antigen-apply mode once type replace called 1
[WRN][1701708229.8738250732] /home/allonny/.local/share/antigen/antigen.zsh:1469
[WRN][1701708229.8738250732] Updated meta: target antigen-apply mode once type pre called 1
[WRN][1701708229.8738887310] /home/allonny/.local/share/antigen/antigen.zsh:1469
[WRN][1701708229.8738887310] Updated meta: target antigen-apply mode once type post called 1
[WRN][1701708229.8739366531] /home/allonny/.local/share/antigen/antigen.zsh:1484
[WRN][1701708229.8739366531] Processing hooks: antigen-apply-lock antigen-apply-parallel antigen-apply-parallel-execute antigen-apply-defer antigen-apply-cached
[WRN][1701708229.8739781380] /home/allonny/.local/share/antigen/antigen.zsh:1487
[WRN][1701708229.8739781380] Pre hook: antigen-apply-parallel
[WRN][1701708229.8740260601] /home/allonny/.local/share/antigen/antigen.zsh:1744
[WRN][1701708229.8740260601] Parallel pre-apply PARALLEL PRE-APPLY
[WRN][1701708229.8741405010] /home/allonny/.local/share/antigen/antigen.zsh:1487
[WRN][1701708229.8741405010] Pre hook: antigen-apply-defer
[WRN][1701708229.8741865158] /home/allonny/.local/share/antigen/antigen.zsh:1623
[WRN][1701708229.8741865158] Defer pre-apply DEFER PRE-APPLY
[LOG][1701708229.8742997646] /home/allonny/.local/share/antigen/antigen.zsh:1629
[LOG][1701708229.8742997646] Processing deferred bundle: zsh-users/zsh-autosuggestions DEFER
[WRN][1701708229.8744053841] /home/allonny/.local/share/antigen/antigen.zsh:1469
[WRN][1701708229.8744053841] Updated meta: target antigen-bundle mode repeat type pre called 5
[WRN][1701708229.8744897842] /home/allonny/.local/share/antigen/antigen.zsh:1469
[WRN][1701708229.8744897842] Updated meta: target antigen-bundle mode repeat type replace called 1
[WRN][1701708229.8745403290] /home/allonny/.local/share/antigen/antigen.zsh:1484
[WRN][1701708229.8745403290] Processing hooks: antigen-bundle-cached antigen-bundle-parallel
[WRN][1701708229.8745815754] /home/allonny/.local/share/antigen/antigen.zsh:1487
[WRN][1701708229.8745815754] Pre hook: antigen-bundle-cached zsh-users/zsh-autosuggestions
[WRN][1701708229.8746490479] /home/allonny/.local/share/antigen/antigen.zsh:1498
[WRN][1701708229.8746490479] Replace hook: antigen-bundle-parallel zsh-users/zsh-autosuggestions
[TRA][1701708229.8747074604] /home/allonny/.zshrc:1748
[TRA][1701708229.8747074604] antigen-bundle-parallel: zsh-users/zsh-autosuggestions PARALLEL
[TRA][1701708229.8747074604] TRACE
antigen-bundle-parallel
-antigen-hook-handler
antigen-bundle
antigen-apply-defer
-antigen-hook-handler
antigen-apply
-antigen-hook-antigen
-antigen-hook-handler
antigen
/home/allonny/.zshrc
[WRN][1701708229.8747766018] /home/allonny/.local/share/antigen/antigen.zsh:1509
[WRN][1701708229.8747766018] Replaced hooked function.
[LOG][1701708229.8748183250] /home/allonny/.local/share/antigen/antigen.zsh:1518
[LOG][1701708229.8748183250] Return from hook antigen-bundle with 0
[LOG][1701708229.8748803139] /home/allonny/.local/share/antigen/antigen.zsh:1629
[LOG][1701708229.8748803139] Processing deferred bundle: zsh-users/zsh-syntax-highlighting DEFER
[WRN][1701708229.8749773502] /home/allonny/.local/share/antigen/antigen.zsh:1469
[WRN][1701708229.8749773502] Updated meta: target antigen-bundle mode repeat type pre called 6
[WRN][1701708229.8750436306] /home/allonny/.local/share/antigen/antigen.zsh:1469
[WRN][1701708229.8750436306] Updated meta: target antigen-bundle mode repeat type replace called 2
[WRN][1701708229.8750910759] /home/allonny/.local/share/antigen/antigen.zsh:1484
[WRN][1701708229.8750910759] Processing hooks: antigen-bundle-cached antigen-bundle-parallel
[WRN][1701708229.8751325607] /home/allonny/.local/share/antigen/antigen.zsh:1487
[WRN][1701708229.8751325607] Pre hook: antigen-bundle-cached zsh-users/zsh-syntax-highlighting
[WRN][1701708229.8752005100] /home/allonny/.local/share/antigen/antigen.zsh:1498
[WRN][1701708229.8752005100] Replace hook: antigen-bundle-parallel zsh-users/zsh-syntax-highlighting
[TRA][1701708229.8752465248] /home/allonny/.zshrc:1748
[TRA][1701708229.8752465248] antigen-bundle-parallel: zsh-users/zsh-syntax-highlighting PARALLEL
[TRA][1701708229.8752465248] TRACE
antigen-bundle-parallel
-antigen-hook-handler
antigen-bundle
antigen-apply-defer
-antigen-hook-handler
antigen-apply
-antigen-hook-antigen
-antigen-hook-handler
antigen
/home/allonny/.zshrc
[WRN][1701708229.8753066063] /home/allonny/.local/share/antigen/antigen.zsh:1509
[WRN][1701708229.8753066063] Replaced hooked function.
[LOG][1701708229.8753478527] /home/allonny/.local/share/antigen/antigen.zsh:1518
[LOG][1701708229.8753478527] Return from hook antigen-bundle with 0
[LOG][1701708229.8754103184] /home/allonny/.local/share/antigen/antigen.zsh:1629
[LOG][1701708229.8754103184] Processing deferred bundle: jirutka/zsh-shift-select DEFER
[WRN][1701708229.8755118847] /home/allonny/.local/share/antigen/antigen.zsh:1469
[WRN][1701708229.8755118847] Updated meta: target antigen-bundle mode repeat type pre called 7
[WRN][1701708229.8755784035] /home/allonny/.local/share/antigen/antigen.zsh:1469
[WRN][1701708229.8755784035] Updated meta: target antigen-bundle mode repeat type replace called 3
[WRN][1701708229.8756251335] /home/allonny/.local/share/antigen/antigen.zsh:1484
[WRN][1701708229.8756251335] Processing hooks: antigen-bundle-cached antigen-bundle-parallel
[WRN][1701708229.8756656647] /home/allonny/.local/share/antigen/antigen.zsh:1487
[WRN][1701708229.8756656647] Pre hook: antigen-bundle-cached jirutka/zsh-shift-select
[WRN][1701708229.8757302761] /home/allonny/.local/share/antigen/antigen.zsh:1498
[WRN][1701708229.8757302761] Replace hook: antigen-bundle-parallel jirutka/zsh-shift-select
[TRA][1701708229.8757762909] /home/allonny/.zshrc:1748
[TRA][1701708229.8757762909] antigen-bundle-parallel: jirutka/zsh-shift-select PARALLEL
[TRA][1701708229.8757762909] TRACE
antigen-bundle-parallel
-antigen-hook-handler
antigen-bundle
antigen-apply-defer
-antigen-hook-handler
antigen-apply
-antigen-hook-antigen
-antigen-hook-handler
antigen
/home/allonny/.zshrc
[WRN][1701708229.8758342266] /home/allonny/.local/share/antigen/antigen.zsh:1509
[WRN][1701708229.8758342266] Replaced hooked function.
[LOG][1701708229.8758752346] /home/allonny/.local/share/antigen/antigen.zsh:1518
[LOG][1701708229.8758752346] Return from hook antigen-bundle with 0
[LOG][1701708229.8759424686] /home/allonny/.local/share/antigen/antigen.zsh:1629
[LOG][1701708229.8759424686] Processing deferred bundle: romkatv/powerlevel10k --btype=theme DEFER
[WRN][1701708229.8760366440] /home/allonny/.local/share/antigen/antigen.zsh:1469
[WRN][1701708229.8760366440] Updated meta: target antigen-bundle mode repeat type pre called 8
[WRN][1701708229.8761005402] /home/allonny/.local/share/antigen/antigen.zsh:1469
[WRN][1701708229.8761005402] Updated meta: target antigen-bundle mode repeat type replace called 4
[WRN][1701708229.8761465549] /home/allonny/.local/share/antigen/antigen.zsh:1484
[WRN][1701708229.8761465549] Processing hooks: antigen-bundle-cached antigen-bundle-parallel
[WRN][1701708229.8761868477] /home/allonny/.local/share/antigen/antigen.zsh:1487
[WRN][1701708229.8761868477] Pre hook: antigen-bundle-cached romkatv/powerlevel10k --btype=theme
[WRN][1701708229.8762547970] /home/allonny/.local/share/antigen/antigen.zsh:1498
[WRN][1701708229.8762547970] Replace hook: antigen-bundle-parallel romkatv/powerlevel10k --btype=theme
[TRA][1701708229.8762996197] /home/allonny/.zshrc:1748
[TRA][1701708229.8762996197] antigen-bundle-parallel: romkatv/powerlevel10k --btype=theme PARALLEL
[TRA][1701708229.8762996197] TRACE
antigen-bundle-parallel
-antigen-hook-handler
antigen-bundle
antigen-apply-defer
-antigen-hook-handler
antigen-apply
-antigen-hook-antigen
-antigen-hook-handler
antigen
/home/allonny/.zshrc
[WRN][1701708229.8763587475] /home/allonny/.local/share/antigen/antigen.zsh:1509
[WRN][1701708229.8763587475] Replaced hooked function.
[LOG][1701708229.8763999939] /home/allonny/.local/share/antigen/antigen.zsh:1518
[LOG][1701708229.8763999939] Return from hook antigen-bundle with 0
[WRN][1701708229.8764958382] /home/allonny/.local/share/antigen/antigen.zsh:1498
[WRN][1701708229.8764958382] Replace hook: antigen-apply-parallel-execute
[WRN][1701708229.8765416145] /home/allonny/.local/share/antigen/antigen.zsh:1756
[WRN][1701708229.8765416145] Parallel replace-apply PARALLEL REPLACE-APPLY
[WRN][1701708229.8766472340] /home/allonny/.local/share/antigen/antigen.zsh:1695
[WRN][1701708229.8766472340] Parallel antigen-bundle-parallel-execute PARALLEL
[WRN][1701708229.8766939640] /home/allonny/.local/share/antigen/antigen.zsh:1699
[WRN][1701708229.8766939640] Gonna install in parallel 4 bundles. PARALLEL
[WRN][1701708229.8767335415] /home/allonny/.local/share/antigen/antigen.zsh:1701
[WRN][1701708229.8767335415] zsh-users/zsh-autosuggestions zsh-users/zsh-syntax-highlighting jirutka/zsh-shift-select romkatv/powerlevel10k --btype=theme PARALLEL
[WRN][1701708229.8770849705] /home/allonny/.local/share/antigen/antigen.zsh:1708
[WRN][1701708229.8770849705] Install in parallel zsh-users/zsh-autosuggestions. PARALLEL
[WRN][1701708229.8779857159] /home/allonny/.local/share/antigen/antigen.zsh:1708
[WRN][1701708229.8779857159] Install in parallel zsh-users/zsh-syntax-highlighting. PARALLEL
[WRN][1701708229.8787777424] /home/allonny/.local/share/antigen/antigen.zsh:1708
[WRN][1701708229.8787777424] Install in parallel jirutka/zsh-shift-select. PARALLEL
[WRN][1701708229.8794772625] /home/allonny/.local/share/antigen/antigen.zsh:1708
[WRN][1701708229.8794772625] Install in parallel romkatv/powerlevel10k. PARALLEL
[WRN][1701708232.6061739922] /home/allonny/.local/share/antigen/antigen.zsh:1469
[WRN][1701708232.6061739922] Updated meta: target antigen-bundle mode repeat type pre called 9
[WRN][1701708232.6062688828] /home/allonny/.local/share/antigen/antigen.zsh:1484
[WRN][1701708232.6062688828] Processing hooks: antigen-bundle-cached
[WRN][1701708232.6063125134] /home/allonny/.local/share/antigen/antigen.zsh:1487
[WRN][1701708232.6063125134] Pre hook: antigen-bundle-cached zsh-users/zsh-autosuggestions
[WRN][1701708232.6063823700] /home/allonny/.local/share/antigen/antigen.zsh:1505
[WRN][1701708232.6063823700] -antigen-hook-antigen-bundle zsh-users/zsh-autosuggestions
[TRA][1701708232.6064336300] /home/allonny/.local/share/antigen/antigen.zsh:1438
[TRA][1701708232.6064336300] Called antigen-bundle with zsh-users/zsh-autosuggestions BUNDLE
[TRA][1701708232.6064336300] TRACE
-antigen-hook-antigen-bundle
-antigen-hook-handler
antigen-bundle
antigen-bundle-parallel-execute
antigen-apply-parallel-execute
-antigen-hook-handler
antigen-apply
-antigen-hook-antigen
-antigen-hook-handler
antigen
/home/allonny/.zshrc
[WRN][1701708232.6069529057] /home/allonny/.local/share/antigen/antigen.zsh:1469
[WRN][1701708232.6069529057] Updated meta: target -antigen-load-env mode repeat type replace called 1
[WRN][1701708232.6070320606] /home/allonny/.local/share/antigen/antigen.zsh:1484
[WRN][1701708232.6070320606] Processing hooks: -antigen-load-env-cached
[WRN][1701708232.6070973873] /home/allonny/.local/share/antigen/antigen.zsh:1498
[WRN][1701708232.6070973873] Replace hook: -antigen-load-env-cached dir /home/allonny/.local/share/antigen/bundles/zsh-users/zsh-autosuggestions btype plugin url https://github.com/zsh-users/zsh-autosuggestions.git loc / name zsh-users/zsh-autosuggestions make_local_clone true
[WRN][1701708232.6072006226] /home/allonny/.local/share/antigen/antigen.zsh:1509
[WRN][1701708232.6072006226] Replaced hooked function.
[LOG][1701708232.6072545052] /home/allonny/.local/share/antigen/antigen.zsh:1518
[LOG][1701708232.6072545052] Return from hook -antigen-load-env with 0
[WRN][1701708232.6076223850] /home/allonny/.local/share/antigen/antigen.zsh:1469
[WRN][1701708232.6076223850] Updated meta: target -antigen-load-source mode repeat type replace called 1
[WRN][1701708232.6078071594] /home/allonny/.local/share/antigen/antigen.zsh:1484
[WRN][1701708232.6078071594] Processing hooks: -antigen-load-source-cached
[WRN][1701708232.6079754829] /home/allonny/.local/share/antigen/antigen.zsh:1498
[WRN][1701708232.6079754829] Replace hook: -antigen-load-source-cached /home/allonny/.local/share/antigen/bundles/zsh-users/zsh-autosuggestions///zsh-autosuggestions.plugin.zsh
[WRN][1701708232.6081905365] /home/allonny/.local/share/antigen/antigen.zsh:1509
[WRN][1701708232.6081905365] Replaced hooked function.
[LOG][1701708232.6083076000] /home/allonny/.local/share/antigen/antigen.zsh:1518
[LOG][1701708232.6083076000] Return from hook -antigen-load-source with 0
[LOG][1701708232.6084032059] /home/allonny/.local/share/antigen/antigen.zsh:1518
[LOG][1701708232.6084032059] Return from hook antigen-bundle with 0
[WRN][1701708232.6085386276] /home/allonny/.local/share/antigen/antigen.zsh:1469
[WRN][1701708232.6085386276] Updated meta: target antigen-bundle mode repeat type pre called 10
[WRN][1701708232.6085915565] /home/allonny/.local/share/antigen/antigen.zsh:1484
[WRN][1701708232.6085915565] Processing hooks: antigen-bundle-cached
[WRN][1701708232.6086366177] /home/allonny/.local/share/antigen/antigen.zsh:1487
[WRN][1701708232.6086366177] Pre hook: antigen-bundle-cached zsh-users/zsh-syntax-highlighting
[WRN][1701708232.6087033749] /home/allonny/.local/share/antigen/antigen.zsh:1505
[WRN][1701708232.6087033749] -antigen-hook-antigen-bundle zsh-users/zsh-syntax-highlighting
[TRA][1701708232.6087546349] /home/allonny/.local/share/antigen/antigen.zsh:1438
[TRA][1701708232.6087546349] Called antigen-bundle with zsh-users/zsh-syntax-highlighting BUNDLE
[TRA][1701708232.6087546349] TRACE
-antigen-hook-antigen-bundle
-antigen-hook-handler
antigen-bundle
antigen-bundle-parallel-execute
antigen-apply-parallel-execute
-antigen-hook-handler
antigen-apply
-antigen-hook-antigen
-antigen-hook-handler
antigen
/home/allonny/.zshrc
[WRN][1701708232.6091916561] /home/allonny/.local/share/antigen/antigen.zsh:1469
[WRN][1701708232.6091916561] Updated meta: target -antigen-load-env mode repeat type replace called 2
[WRN][1701708232.6092605591] /home/allonny/.local/share/antigen/antigen.zsh:1484
[WRN][1701708232.6092605591] Processing hooks: -antigen-load-env-cached
[WRN][1701708232.6093244553] /home/allonny/.local/share/antigen/antigen.zsh:1498
[WRN][1701708232.6093244553] Replace hook: -antigen-load-env-cached dir /home/allonny/.local/share/antigen/bundles/zsh-users/zsh-syntax-highlighting btype plugin url https://github.com/zsh-users/zsh-syntax-highlighting.git loc / name zsh-users/zsh-syntax-highlighting make_local_clone true
[WRN][1701708232.6094319820] /home/allonny/.local/share/antigen/antigen.zsh:1509
[WRN][1701708232.6094319820] Replaced hooked function.
[LOG][1701708232.6094970703] /home/allonny/.local/share/antigen/antigen.zsh:1518
[LOG][1701708232.6094970703] Return from hook -antigen-load-env with 0
[WRN][1701708232.6096320152] /home/allonny/.local/share/antigen/antigen.zsh:1469
[WRN][1701708232.6096320152] Updated meta: target -antigen-load-source mode repeat type replace called 2
[WRN][1701708232.6096963882] /home/allonny/.local/share/antigen/antigen.zsh:1484
[WRN][1701708232.6096963882] Processing hooks: -antigen-load-source-cached
[WRN][1701708232.6097633839] /home/allonny/.local/share/antigen/antigen.zsh:1498
[WRN][1701708232.6097633839] Replace hook: -antigen-load-source-cached /home/allonny/.local/share/antigen/bundles/zsh-users/zsh-syntax-highlighting///zsh-syntax-highlighting.plugin.zsh
[WRN][1701708232.6098294258] /home/allonny/.local/share/antigen/antigen.zsh:1509
[WRN][1701708232.6098294258] Replaced hooked function.
[LOG][1701708232.6098768711] /home/allonny/.local/share/antigen/antigen.zsh:1518
[LOG][1701708232.6098768711] Return from hook -antigen-load-source with 0
[LOG][1701708232.6100106239] /home/allonny/.local/share/antigen/antigen.zsh:1518
[LOG][1701708232.6100106239] Return from hook antigen-bundle with 0
[WRN][1701708232.6101460457] /home/allonny/.local/share/antigen/antigen.zsh:1469
[WRN][1701708232.6101460457] Updated meta: target antigen-bundle mode repeat type pre called 11
[WRN][1701708232.6102054119] /home/allonny/.local/share/antigen/antigen.zsh:1484
[WRN][1701708232.6102054119] Processing hooks: antigen-bundle-cached
[WRN][1701708232.6102540493] /home/allonny/.local/share/antigen/antigen.zsh:1487
[WRN][1701708232.6102540493] Pre hook: antigen-bundle-cached jirutka/zsh-shift-select
[WRN][1701708232.6103203297] /home/allonny/.local/share/antigen/antigen.zsh:1505
[WRN][1701708232.6103203297] -antigen-hook-antigen-bundle jirutka/zsh-shift-select
[TRA][1701708232.6103720665] /home/allonny/.local/share/antigen/antigen.zsh:1438
[TRA][1701708232.6103720665] Called antigen-bundle with jirutka/zsh-shift-select BUNDLE
[TRA][1701708232.6103720665] TRACE
-antigen-hook-antigen-bundle
-antigen-hook-handler
antigen-bundle
antigen-bundle-parallel-execute
antigen-apply-parallel-execute
-antigen-hook-handler
antigen-apply
-antigen-hook-antigen
-antigen-hook-handler
antigen
/home/allonny/.zshrc
[WRN][1701708232.6108253002] /home/allonny/.local/share/antigen/antigen.zsh:1469
[WRN][1701708232.6108253002] Updated meta: target -antigen-load-env mode repeat type replace called 3
[WRN][1701708232.6108980179] /home/allonny/.local/share/antigen/antigen.zsh:1484
[WRN][1701708232.6108980179] Processing hooks: -antigen-load-env-cached
[WRN][1701708232.6109590530] /home/allonny/.local/share/antigen/antigen.zsh:1498
[WRN][1701708232.6109590530] Replace hook: -antigen-load-env-cached dir /home/allonny/.local/share/antigen/bundles/jirutka/zsh-shift-select btype plugin url https://github.com/jirutka/zsh-shift-select.git loc / name jirutka/zsh-shift-select make_local_clone true
[WRN][1701708232.6110570431] /home/allonny/.local/share/antigen/antigen.zsh:1509
[WRN][1701708232.6110570431] Replaced hooked function.
[LOG][1701708232.6111063957] /home/allonny/.local/share/antigen/antigen.zsh:1518
[LOG][1701708232.6111063957] Return from hook -antigen-load-env with 0
[WRN][1701708232.6112484932] /home/allonny/.local/share/antigen/antigen.zsh:1469
[WRN][1701708232.6112484932] Updated meta: target -antigen-load-source mode repeat type replace called 3
[WRN][1701708232.6113066673] /home/allonny/.local/share/antigen/antigen.zsh:1484
[WRN][1701708232.6113066673] Processing hooks: -antigen-load-source-cached
[WRN][1701708232.6113612652] /home/allonny/.local/share/antigen/antigen.zsh:1498
[WRN][1701708232.6113612652] Replace hook: -antigen-load-source-cached /home/allonny/.local/share/antigen/bundles/jirutka/zsh-shift-select///zsh-shift-select.plugin.zsh
[WRN][1701708232.6114425659] /home/allonny/.local/share/antigen/antigen.zsh:1509
[WRN][1701708232.6114425659] Replaced hooked function.
[LOG][1701708232.6114957333] /home/allonny/.local/share/antigen/antigen.zsh:1518
[LOG][1701708232.6114957333] Return from hook -antigen-load-source with 0
[LOG][1701708232.6115922928] /home/allonny/.local/share/antigen/antigen.zsh:1518
[LOG][1701708232.6115922928] Return from hook antigen-bundle with 0
[WRN][1701708232.6117594242] /home/allonny/.local/share/antigen/antigen.zsh:1469
[WRN][1701708232.6117594242] Updated meta: target antigen-bundle mode repeat type pre called 12
[WRN][1701708232.6118140221] /home/allonny/.local/share/antigen/antigen.zsh:1484
[WRN][1701708232.6118140221] Processing hooks: antigen-bundle-cached
[WRN][1701708232.6118559837] /home/allonny/.local/share/antigen/antigen.zsh:1487
[WRN][1701708232.6118559837] Pre hook: antigen-bundle-cached romkatv/powerlevel10k --btype=theme
[WRN][1701708232.6119248867] /home/allonny/.local/share/antigen/antigen.zsh:1505
[WRN][1701708232.6119248867] -antigen-hook-antigen-bundle romkatv/powerlevel10k --btype=theme
[TRA][1701708232.6119763851] /home/allonny/.local/share/antigen/antigen.zsh:1438
[TRA][1701708232.6119763851] Called antigen-bundle with romkatv/powerlevel10k --btype=theme BUNDLE
[TRA][1701708232.6119763851] TRACE
-antigen-hook-antigen-bundle
-antigen-hook-handler
antigen-bundle
antigen-bundle-parallel-execute
antigen-apply-parallel-execute
-antigen-hook-handler
antigen-apply
-antigen-hook-antigen
-antigen-hook-handler
antigen
/home/allonny/.zshrc
[WRN][1701708232.6123967171] /home/allonny/.local/share/antigen/antigen.zsh:1469
[WRN][1701708232.6123967171] Updated meta: target -antigen-load-env mode repeat type replace called 4
[WRN][1701708232.6124641895] /home/allonny/.local/share/antigen/antigen.zsh:1484
[WRN][1701708232.6124641895] Processing hooks: -antigen-load-env-cached
[WRN][1701708232.6125252247] /home/allonny/.local/share/antigen/antigen.zsh:1498
[WRN][1701708232.6125252247] Replace hook: -antigen-load-env-cached dir /home/allonny/.local/share/antigen/bundles/romkatv/powerlevel10k btype theme url https://github.com/romkatv/powerlevel10k.git loc / name romkatv/powerlevel10k make_local_clone true
[WRN][1701708232.6126232147] /home/allonny/.local/share/antigen/antigen.zsh:1509
[WRN][1701708232.6126232147] Replaced hooked function.
[LOG][1701708232.6126692295] /home/allonny/.local/share/antigen/antigen.zsh:1518
[LOG][1701708232.6126692295] Return from hook -antigen-load-env with 0
[WRN][1701708232.6127998829] /home/allonny/.local/share/antigen/antigen.zsh:1469
[WRN][1701708232.6127998829] Updated meta: target -antigen-load-source mode repeat type replace called 4
[WRN][1701708232.6128561497] /home/allonny/.local/share/antigen/antigen.zsh:1484
[WRN][1701708232.6128561497] Processing hooks: -antigen-load-source-cached
[WRN][1701708232.6129148006] /home/allonny/.local/share/antigen/antigen.zsh:1498
[WRN][1701708232.6129148006] Replace hook: -antigen-load-source-cached /home/allonny/.local/share/antigen/bundles/romkatv/powerlevel10k///powerlevel10k.zsh-theme
[WRN][1701708232.6129803658] /home/allonny/.local/share/antigen/antigen.zsh:1509
[WRN][1701708232.6129803658] Replaced hooked function.
[LOG][1701708232.6130287647] /home/allonny/.local/share/antigen/antigen.zsh:1518
[LOG][1701708232.6130287647] Return from hook -antigen-load-source with 0
[LOG][1701708232.6131262779] /home/allonny/.local/share/antigen/antigen.zsh:1518
[LOG][1701708232.6131262779] Return from hook antigen-bundle with 0
[WRN][1701708232.6131985188] /home/allonny/.local/share/antigen/antigen.zsh:1739
[WRN][1701708232.6131985188] Parallel install done PARALLEL
[WRN][1701708232.6133842468] /home/allonny/.local/share/antigen/antigen.zsh:1462
[WRN][1701708232.6133842468] Ignoring hook due to mode once: antigen-apply-lock
[WRN][1701708232.6134495735] /home/allonny/.local/share/antigen/antigen.zsh:1462
[WRN][1701708232.6134495735] Ignoring hook due to mode once: antigen-apply-parallel
[WRN][1701708232.6135230064] /home/allonny/.local/share/antigen/antigen.zsh:1462
[WRN][1701708232.6135230064] Ignoring hook due to mode once: antigen-apply-defer
[WRN][1701708232.6135747433] /home/allonny/.local/share/antigen/antigen.zsh:1462
[WRN][1701708232.6135747433] Ignoring hook due to mode once: antigen-apply-cached
[WRN][1701708232.6136193275] /home/allonny/.local/share/antigen/antigen.zsh:1484
[WRN][1701708232.6136193275] Processing hooks: antigen-apply-lock antigen-apply-parallel antigen-apply-defer antigen-apply-cached
[WRN][1701708232.6136729717] /home/allonny/.local/share/antigen/antigen.zsh:1505
[WRN][1701708232.6136729717] -antigen-hook-antigen-apply 
[LOG][1701708232.6137187481] /home/allonny/.local/share/antigen/antigen.zsh:1438
[LOG][1701708232.6137187481] Called antigen-apply
[TRA][1701708232.6137578487] /home/allonny/.local/share/antigen/antigen.zsh:1439
[TRA][1701708232.6137578487] Gonna create compdump file @ apply COMPDUMP
[TRA][1701708232.6137578487] TRACE
-antigen-hook-antigen-apply
-antigen-hook-handler
antigen-apply
antigen-apply-parallel-execute
-antigen-hook-handler
antigen-apply
-antigen-hook-antigen
-antigen-hook-handler
antigen
/home/allonny/.zshrc
[LOG][1701708232.8371486664] /home/allonny/.local/share/antigen/antigen.zsh:1518
[LOG][1701708232.8371486664] Return from hook antigen-apply with 0
[WRN][1701708232.8373565674] /home/allonny/.local/share/antigen/antigen.zsh:1509
[WRN][1701708232.8373565674] Replaced hooked function.
[WRN][1701708232.8374466896] /home/allonny/.local/share/antigen/antigen.zsh:1513
[WRN][1701708232.8374466896] Post hook: antigen-apply-lock
[WRN][1701708232.8375391960] /home/allonny/.local/share/antigen/antigen.zsh:1676
[WRN][1701708232.8375391960] Freeing antigen-lock file at /home/allonny/.local/share/antigen/.lock
[WRN][1701708232.8385503292] /home/allonny/.local/share/antigen/antigen.zsh:1513
[WRN][1701708232.8385503292] Post hook: antigen-apply-cached
[LOG][1701708232.8386657238] /home/allonny/.local/share/antigen/antigen.zsh:1893
[LOG][1701708232.8386657238] TRACE: /home/allonny/.local/share/antigen/antigen.zsh:1514 /home/allonny/.local/share/antigen/antigen.zsh:1441 /home/allonny/.local/share/antigen/antigen.zsh:1447 /home/allonny/.local/share/antigen/antigen.zsh:1506 /home/allonny/.local/share/antigen/antigen.zsh:1441 /home/allonny/.zshrc:36 zsh:0
[LOG][1701708232.8388218880] /home/allonny/.local/share/antigen/antigen.zsh:1787
[LOG][1701708232.8388218880] Gonna generate cache for /home/allonny/.local/share/antigen/bundles/zsh-users/zsh-autosuggestions// /home/allonny/.local/share/antigen/bundles/zsh-users/zsh-autosuggestions///zsh-autosuggestions.plugin.zsh /home/allonny/.local/share/antigen/bundles/zsh-users/zsh-syntax-highlighting// /home/allonny/.local/share/antigen/bundles/zsh-users/zsh-syntax-highlighting///zsh-syntax-highlighting.plugin.zsh /home/allonny/.local/share/antigen/bundles/jirutka/zsh-shift-select// /home/allonny/.local/share/antigen/bundles/jirutka/zsh-shift-select///zsh-shift-select.plugin.zsh /home/allonny/.local/share/antigen/bundles/romkatv/powerlevel10k// /home/allonny/.local/share/antigen/bundles/romkatv/powerlevel10k///powerlevel10k.zsh-theme
[LOG][1701708232.8462042809] /home/allonny/.local/share/antigen/antigen.zsh:1844
[LOG][1701708232.8462042809] CHECK_FILES /home/allonny/.zshrc /home/allonny/.zshrc
[LOG][1701708233.1746196747] /home/allonny/.local/share/antigen/antigen.zsh:1518
[LOG][1701708233.1746196747] Return from hook antigen-apply with 0
[LOG][1701708233.1747534275] /home/allonny/.local/share/antigen/antigen.zsh:1518
[LOG][1701708233.1747534275] Return from hook antigen with 0
